This file contains any messages produced by compilers while
running configure, to aid debugging if configure makes a mistake.

It was created by configure, which was
generated by GNU Autoconf 2.52.20101002.  Invocation command line was

  $ work/ncurses-5.9/configure 

## ---------- ##
## Platform.  ##
## ---------- ##

hostname = naga
uname -m = x86_64
uname -r = 3.16.2-gnu-1
uname -s = Linux
uname -v = #1 SMP PREEMPT Tue Sep 9 04:08:55 UYT 2014

/usr/bin/uname -p = unknown
/bin/uname -X     = unknown

/bin/arch              = unknown
/usr/bin/arch -k       = unknown
/usr/convex/getsysinfo = unknown
hostinfo               = unknown
/bin/machine           = unknown
/usr/bin/oslevel       = unknown
/bin/universe          = unknown

PATH = /home/brandon/sys/bin:/home/brandon/.local/bin:/home/brandon/GNUstep/Tools:/usr/local/sbin:/usr/local/bin:/usr/bin:/usr/bin/vendor_perl:/usr/bin/core_perl

## ------------ ##
## Core tests.  ##
## ------------ ##

configure:1101: PATH=".;."; conftest.sh
work/ncurses-5.9/configure: line 1102: conftest.sh: command not found
configure:1104: $? = 127
configure:1117: checking for egrep
configure:1127: result: grep -E
configure:1141: result: Configuring NCURSES 5.9 ABI 5 (Tue Sep 16 21:33:00 BST 2014)
configure:1246: checking build system type
configure:1264: result: x86_64-unknown-linux-gnu
configure:1271: checking host system type
configure:1285: result: x86_64-unknown-linux-gnu
configure:1293: checking target system type
configure:1307: result: x86_64-unknown-linux-gnu
configure:1338: result: Configuring for linux-gnu
configure:1362: checking for prefix
configure:1374: result: /usr
configure:1450: checking for gcc
configure:1465: found /usr/bin/gcc
configure:1473: result: gcc
configure:1701: checking for C compiler version
configure:1704: gcc --version </dev/null >&5
gcc (GCC) 4.9.1
Copyright (C) 2014 Free Software Foundation, Inc.
This is free software; see the source for copying conditions.  There is NO
warranty; not even for MERCHANTABILITY or FITNESS FOR A PARTICULAR PURPOSE.

configure:1707: $? = 0
configure:1709: gcc -v </dev/null >&5
Using built-in specs.
COLLECT_GCC=gcc
COLLECT_LTO_WRAPPER=/usr/lib/gcc/x86_64-unknown-linux-gnu/4.9.1/lto-wrapper
Target: x86_64-unknown-linux-gnu
Configured with: /build/gcc-multilib/src/gcc-4.9.1/configure --prefix=/usr --libdir=/usr/lib --libexecdir=/usr/lib --mandir=/usr/share/man --infodir=/usr/share/info --with-bugurl=https://bugs.archlinux.org/ --enable-languages=c,c++,ada,fortran,go,lto,objc,obj-c++ --enable-shared --enable-threads=posix --with-system-zlib --enable-__cxa_atexit --disable-libunwind-exceptions --enable-clocale=gnu --disable-libstdcxx-pch --disable-libssp --enable-gnu-unique-object --enable-linker-build-id --enable-cloog-backend=isl --disable-isl-version-check --disable-cloog-version-check --enable-lto --enable-plugin --enable-install-libiberty --with-linker-hash-style=gnu --enable-multilib --disable-werror --enable-checking=release
Thread model: posix
gcc version 4.9.1 (GCC) 
configure:1712: $? = 0
configure:1714: gcc -V </dev/null >&5
gcc: error: unrecognized command line option '-V'
gcc: fatal error: no input files
compilation terminated.
configure:1717: $? = 1
configure:1737: checking for C compiler default output
configure:1740: gcc    conftest.c  >&5
configure:1743: $? = 0
configure:1772: result: a.out
configure:1777: checking whether the C compiler works
configure:1783: ./a.out
configure:1786: $? = 0
configure:1801: result: yes
configure:1808: checking whether we are cross compiling
configure:1810: result: no
configure:1813: checking for executable suffix
configure:1815: gcc -o conftest    conftest.c  >&5
configure:1818: $? = 0
configure:1840: result: 
configure:1846: checking for object suffix
configure:1864: gcc -c   conftest.c >&5
configure:1867: $? = 0
configure:1886: result: o
configure:1890: checking whether we are using the GNU C compiler
configure:1911: gcc -c   conftest.c >&5
configure:1914: $? = 0
configure:1917: test -s conftest.o
configure:1920: $? = 0
configure:1932: result: yes
configure:1938: checking whether gcc accepts -g
configure:1956: gcc -c -g  conftest.c >&5
configure:1959: $? = 0
configure:1962: test -s conftest.o
configure:1965: $? = 0
configure:1975: result: yes
configure:2002: gcc -c -g -O2  conftest.c >&5
conftest.c:2:3: error: unknown type name 'choke'
   choke me
   ^
conftest.c:2:3: error: expected '=', ',', ';', 'asm' or '__attribute__' at end of input
configure:2005: $? = 1
configure: failed program was:
#ifndef __cplusplus
  choke me
#endif
configure:2106: checking version of gcc
configure:2110: result: 4.9.1
configure:2120: checking how to run the C preprocessor
configure:2146: gcc -E  conftest.c
configure:2152: $? = 0
configure:2179: gcc -E  conftest.c
configure:2176:28: fatal error: ac_nonexistent.h: No such file or directory
compilation terminated.
configure:2185: $? = 1
configure: failed program was:
#line 2175 "configure"
#include "confdefs.h"
#include <ac_nonexistent.h>
configure:2222: result: gcc -E
configure:2237: gcc -E  conftest.c
configure:2243: $? = 0
configure:2270: gcc -E  conftest.c
configure:2267:28: fatal error: ac_nonexistent.h: No such file or directory
compilation terminated.
configure:2276: $? = 1
configure: failed program was:
#line 2266 "configure"
#include "confdefs.h"
#include <ac_nonexistent.h>
configure:2317: checking whether gcc needs -traditional
configure:2352: result: no
configure:2359: checking whether gcc understands -c and -o together
configure:2375: gcc -c conftest.c -o conftest2.o >&5
configure:2378: $? = 0
configure:2380: gcc -c conftest.c -o conftest2.o >&5
configure:2383: $? = 0
configure:2394: result: yes
configure:2401: checking for POSIXized ISC
configure:2420: result: no
configure:2425: checking for gcc option to accept ANSI C
configure:2550: gcc -c -g -O2   -DCC_HAS_PROTOS conftest.c >&5
configure:2553: $? = 0
configure:2556: test -s conftest.o
configure:2559: $? = 0
configure:2572: result: -DCC_HAS_PROTOS
configure:2705: checking for ldconfig
configure:2722: found /usr/bin/ldconfig
configure:2733: result: /usr/bin/ldconfig
configure:2744: checking if you want to ensure bool is consistent with C++
configure:2754: result: yes
configure:2811: checking for g++
configure:2826: found /usr/bin/g++
configure:2834: result: g++
configure:2849: checking for C++ compiler version
configure:2852: g++ --version </dev/null >&5
g++ (GCC) 4.9.1
Copyright (C) 2014 Free Software Foundation, Inc.
This is free software; see the source for copying conditions.  There is NO
warranty; not even for MERCHANTABILITY or FITNESS FOR A PARTICULAR PURPOSE.

configure:2855: $? = 0
configure:2857: g++ -v </dev/null >&5
Using built-in specs.
COLLECT_GCC=g++
COLLECT_LTO_WRAPPER=/usr/lib/gcc/x86_64-unknown-linux-gnu/4.9.1/lto-wrapper
Target: x86_64-unknown-linux-gnu
Configured with: /build/gcc-multilib/src/gcc-4.9.1/configure --prefix=/usr --libdir=/usr/lib --libexecdir=/usr/lib --mandir=/usr/share/man --infodir=/usr/share/info --with-bugurl=https://bugs.archlinux.org/ --enable-languages=c,c++,ada,fortran,go,lto,objc,obj-c++ --enable-shared --enable-threads=posix --with-system-zlib --enable-__cxa_atexit --disable-libunwind-exceptions --enable-clocale=gnu --disable-libstdcxx-pch --disable-libssp --enable-gnu-unique-object --enable-linker-build-id --enable-cloog-backend=isl --disable-isl-version-check --disable-cloog-version-check --enable-lto --enable-plugin --enable-install-libiberty --with-linker-hash-style=gnu --enable-multilib --disable-werror --enable-checking=release
Thread model: posix
gcc version 4.9.1 (GCC) 
configure:2860: $? = 0
configure:2862: g++ -V </dev/null >&5
g++: error: unrecognized command line option '-V'
g++: fatal error: no input files
compilation terminated.
configure:2865: $? = 1
configure:2868: checking whether we are using the GNU C++ compiler
configure:2889: g++ -c   conftest.cc >&5
configure:2892: $? = 0
configure:2895: test -s conftest.o
configure:2898: $? = 0
configure:2910: result: yes
configure:2916: checking whether g++ accepts -g
configure:2934: g++ -c -g  conftest.cc >&5
configure:2937: $? = 0
configure:2940: test -s conftest.o
configure:2943: $? = 0
configure:2953: result: yes
configure:2993: g++ -c -g -O2  conftest.cc >&5
configure:2996: $? = 0
configure:2999: test -s conftest.o
configure:3002: $? = 0
configure:3024: g++ -c -g -O2  conftest.cc >&5
configure: In function 'int main()':
configure:3017:9: error: 'exit' was not declared in this scope
configure:3027: $? = 1
configure: failed program was:
#line 3012 "configure"
#include "confdefs.h"

int
main ()
{
exit (42);
  ;
  return 0;
}
configure:2993: g++ -c -g -O2  conftest.cc >&5
configure:2996: $? = 0
configure:2999: test -s conftest.o
configure:3002: $? = 0
configure:3024: g++ -c -g -O2  conftest.cc >&5

## ----------------- ##
## Cache variables.  ##
## ----------------- ##

ac_cv_build=x86_64-unknown-linux-gnu
ac_cv_build_alias=x86_64-unknown-linux-gnu
ac_cv_c_compiler_gnu=yes
ac_cv_cxx_compiler_gnu=yes
ac_cv_env_CC_set=
ac_cv_env_CC_value=
ac_cv_env_CFLAGS_set=
ac_cv_env_CFLAGS_value=
ac_cv_env_CPPFLAGS_set=
ac_cv_env_CPPFLAGS_value=
ac_cv_env_CPP_set=
ac_cv_env_CPP_value=
ac_cv_env_CXXCPP_set=
ac_cv_env_CXXCPP_value=
ac_cv_env_CXXFLAGS_set=
ac_cv_env_CXXFLAGS_value=
ac_cv_env_CXX_set=
ac_cv_env_CXX_value=
ac_cv_env_LDFLAGS_set=
ac_cv_env_LDFLAGS_value=
ac_cv_env_build_alias_set=
ac_cv_env_build_alias_value=
ac_cv_env_host_alias_set=
ac_cv_env_host_alias_value=
ac_cv_env_target_alias_set=
ac_cv_env_target_alias_value=
ac_cv_host=x86_64-unknown-linux-gnu
ac_cv_host_alias=x86_64-unknown-linux-gnu
ac_cv_objext=o
ac_cv_path_LDCONFIG=/usr/bin/ldconfig
ac_cv_prog_CPP='gcc -E'
ac_cv_prog_ac_ct_CC=gcc
ac_cv_prog_ac_ct_CXX=g++
ac_cv_prog_cc_g=yes
ac_cv_prog_cxx_g=yes
ac_cv_prog_egrep='grep -E'
ac_cv_prog_gcc_traditional=no
ac_cv_target=x86_64-unknown-linux-gnu
ac_cv_target_alias=x86_64-unknown-linux-gnu
cf_cv_abi_version=5
cf_cv_ansi_cc=-DCC_HAS_PROTOS
cf_cv_prog_CC_c_o=yes
cf_cv_rel_version=5.9
cf_cv_system_name=linux-gnu
cf_cv_timestamp='Tue Sep 16 21:33:00 BST 2014'

## ------------ ##
## confdefs.h.  ##
## ------------ ##

#define SYSTEM_NAME "linux-gnu"
#define CC_HAS_PROTOS 1


configure: caught signal 2
configure: exit 1
